2024/06/10 10:50:40 Serving on port: 8080
2024/06/10 10:56:19 Serving on port: 8080
2024/06/10 10:56:27 GET, /api/v1/items/, [::1]:42048, 200
2024/06/10 10:59:24 Serving on port: 8080
2024/06/10 10:59:26 GET, /api/v1/items/, [::1]:57952, 200
2024/06/10 11:04:43 Serving on port: 8080
2024/06/10 11:04:47 GET, /api/v1/items/, [::1]:38270, 200
2024/06/10 11:04:51 GET, /api/v1/items/asd3, [::1]:59110, 200
2024/06/10 11:09:29 Serving on port: 8080
2024/06/10 11:09:46 Serving on port: 8080
2024/06/10 11:09:48 GET, /api/v1/items/asd3, [::1]:35454, 200
2024/06/10 11:09:53 GET, /api/v1/items/, [::1]:36186, 200
2024/06/10 11:10:19 Serving on port: 8080
2024/06/10 11:10:20 POST, /api/v1/items/, [::1]:51672, 400
2024/06/10 11:13:19 POST, /api/v1/items/, [::1]:58138, 200
2024/06/10 11:13:30 GET, /api/v1/items/, [::1]:49216, 200
2024/06/10 11:13:41 GET, /api/v1/items/someid, [::1]:52388, 200
2024/06/10 11:17:37 Serving on port: 8080
2024/06/10 11:17:40 GET, /api/v1/items/, [::1]:54552, 200
2024/06/10 11:24:26 Serving on port: 8080
2024/06/10 11:25:13 Serving on port: 8080
2024/06/10 11:25:15 DELETE, /api/v1/items/someid, [::1]:53334, 200
2024/06/10 11:25:27 GET, /api/v1/items/someid, [::1]:52086, 404
2024/06/10 11:25:30 GET, /api/v1/items/, [::1]:50224, 200
2024/06/10 11:25:39 DELETE, /api/v1/items/asd3, [::1]:46176, 200
2024/06/10 11:25:47 GET, /api/v1/items/asd3, [::1]:46188, 404
2024/06/10 11:25:51 GET, /api/v1/items/, [::1]:54324, 200
2024/06/10 11:33:15 Serving on port: 8080
2024/06/10 11:33:16 GET, /api/v1/items/, [::1]:34170, 200
2024/06/10 11:33:33 Serving on port: 8080
2024/06/10 11:33:34 GET, /api/v1/items/, [::1]:35108, 200
2024/06/10 11:33:54 POST, /api/v1/items/, [::1]:41270, 200
2024/06/10 11:34:03 GET, /api/v1/items/, [::1]:45690, 200
2024/06/10 11:40:28 GET, /api/v1/items/, [::1]:57702, 200
2024/06/10 11:49:00 Serving on port: 8080
2024/06/10 11:49:02 GET, /api/v1/items/, [::1]:59264, 200
2024/06/10 11:49:10 GET, /api/v1/items/asda, [::1]:56496, 404
2024/06/10 14:25:54 Serving on port: 8080
2024/06/10 14:25:56 GET, /api/v1/items/asda, [::1]:41718, 404
2024/06/10 14:26:03 GET, /api/v1/users/, [::1]:59416, 200
2024/06/10 14:27:58 GET, /api/v1/users/, [::1]:51298, 200
2024/06/10 14:28:13 GET, /api/v1/users/, [::1]:60586, 200
2024/06/10 14:29:05 GET, /api/v1/users/, [::1]:53952, 200
2024/06/10 14:29:37 Serving on port: 8080
2024/06/10 14:29:39 GET, /api/v1/users/, [::1]:35916, 200
2024/06/10 14:33:24 GET, /api/v1/users/, [::1]:57250, 200
2024/06/10 14:33:28 GET, /api/v1/users/, [::1]:59350, 200
2024/06/10 14:34:58 GET, /api/v1/users/, [::1]:57446, 200
2024/06/10 14:35:05 GET, /api/v1/users/, [::1]:57456, 200
2024/06/10 14:35:10 Serving on port: 8080
2024/06/10 14:35:29 GET, /api/v1/users/, [::1]:46930, 200
2024/06/10 14:35:44 Serving on port: 8080
2024/06/10 14:35:45 GET, /api/v1/users/, [::1]:57676, 200
2024/06/10 14:36:18 GET, /api/v1/users/, [::1]:56926, 200
2024/06/10 14:37:12 Serving on port: 8080
2024/06/10 14:37:13 GET, /api/v1/users/, [::1]:45892, 200
2024/06/10 14:41:33 Serving on port: 8080
2024/06/10 14:41:34 GET, /api/v1/users/, [::1]:55416, 200
2024/06/10 14:42:08 POST, /api/v1/users/, [::1]:55060, 200
2024/06/10 14:42:14 GET, /api/v1/users/, [::1]:33760, 200
2024/06/10 14:42:26 GET, /api/v1/items/, [::1]:55670, 200
2024/06/10 14:42:40 GET, /api/v1/items/, [::1]:46088, 200
2024/06/10 14:42:43 GET, /api/v1/users/, [::1]:46104, 200
2024/06/10 14:43:43 Serving on port: 8080
2024/06/10 14:43:46 GET, /api/v1/users/, [::1]:53680, 200
2024/06/10 14:43:54 GET, /api/v1/users/, [::1]:60012, 200
2024/06/10 14:43:59 Serving on port: 8080
2024/06/10 14:44:01 GET, /api/v1/users/, [::1]:51628, 200
2024/06/10 14:44:13 Serving on port: 8080
2024/06/10 14:44:14 GET, /api/v1/users/, [::1]:42390, 200
2024/06/10 14:46:00 Serving on port: 8080
2024/06/10 14:46:02 GET, /api/v1/users/, [::1]:44832, 200
2024/06/10 14:46:12 Serving on port: 8080
2024/06/10 14:46:15 GET, /api/v1/users/, [::1]:35290, 200
2024/06/10 14:49:52 Serving on port: 8080
2024/06/10 14:49:54 GET, /api/v1/users/, [::1]:41000, 200
2024/06/10 14:55:53 Serving on port: 8080
2024/06/10 14:55:57 GET, /api/v1/users/, [::1]:38894, 200
2024/06/10 14:56:08 POST, /api/v1/users/, [::1]:52340, 400
2024/06/10 14:56:45 POST, /api/v1/users/, [::1]:36804, 200
2024/06/10 14:56:49 POST, /api/v1/users/, [::1]:55196, 400
2024/06/10 14:57:13 POST, /api/v1/users/, [::1]:52220, 400
2024/06/10 14:57:19 GET, /api/v1/users/, [::1]:41928, 200
2024/06/10 15:15:20 Serving on port: 8080
2024/06/10 15:15:22 GET, /api/v1/users/, [::1]:38994, 200
2024/06/10 15:15:35 POST, /api/v1/users/, [::1]:58064, 400
2024/06/10 15:15:43 GET, /api/v1/users/, [::1]:47662, 200
2024/06/10 15:16:15 POST, /api/v1/users/, [::1]:52964, 400
2024/06/10 15:16:30 POST, /api/v1/users/, [::1]:50418, 400
2024/06/10 15:16:36 POST, /api/v1/users/, [::1]:50424, 400
2024/06/10 15:16:56 Serving on port: 8080
2024/06/10 15:16:58 POST, /api/v1/users/, [::1]:40406, 400
2024/06/10 15:18:18 Serving on port: 8080
2024/06/10 15:18:20 POST, /api/v1/users/, [::1]:46498, 400
2024/06/10 15:18:53 POST, /api/v1/users/, [::1]:60258, 400
2024/06/10 15:19:40 POST, /api/v1/users/, [::1]:38738, 400
2024/06/10 15:20:10 POST, /api/v1/users/, [::1]:53828, 400
2024/06/10 15:20:14 GET, /api/v1/users/, [::1]:53842, 200
2024/06/10 15:20:58 POST, /api/v1/users/, [::1]:49392, 400
2024/06/10 15:21:05 POST, /api/v1/users/, [::1]:39768, 400
2024/06/10 15:22:17 POST, /api/v1/users/, [::1]:48314, 400
2024/06/10 15:25:38 POST, /api/v1/users/, [::1]:43062, 400
2024/06/10 15:26:57 POST, /api/v1/items/, [::1]:45432, 200
2024/06/10 15:27:05 GET, /api/v1/items/, [::1]:45630, 200
2024/06/10 15:27:29 GET, /api/v1/users/, [::1]:48230, 200
2024/06/10 15:28:31 Serving on port: 8080
2024/06/10 15:28:33 POST, /api/v1/items/, [::1]:53816, 200
2024/06/10 15:29:28 POST, /api/v1/users/, [::1]:57656, 200
2024/06/10 15:29:54 GET, /api/v1/users/, [::1]:42600, 200
2024/06/10 15:33:57 Serving on port: 8080
2024/06/10 15:34:04 GET, /api/v1/users/, [::1]:42594, 200
2024/06/10 15:34:54 Serving on port: 8080
2024/06/10 15:35:08 Serving on port: 8080
2024/06/10 15:35:13 DELETE, /api/v1/users/giangi, [::1]:51344, 200
2024/06/10 15:45:09 Serving on port: 8080
2024/06/10 15:45:14 GET, /api/v1/users/, [::1]:35778, 200
2024/06/10 15:45:19 GET, /api/v1/users/id, [::1]:48422, 200
2024/06/10 15:45:22 GET, /api/v1/users/ida, [::1]:48434, 404
2024/06/10 15:51:10 Serving on port: 8080
2024/06/10 15:51:14 GET, /api/v1/users/, [::1]:37604, 200
2024/06/10 15:51:28 PUT, /api/v1/users/id, [::1]:55242, 400
2024/06/10 15:51:32 GET, /api/v1/users/, [::1]:36994, 200
2024/06/10 15:51:57 PUT, /api/v1/users/id, [::1]:45368, 200
2024/06/10 15:52:01 GET, /api/v1/users/, [::1]:33504, 200
2024/06/10 15:52:26 PUT, /api/v1/users/id, [::1]:40782, 500
2024/06/10 15:52:31 GET, /api/v1/users/, [::1]:39338, 200
2024/06/10 15:52:39 PUT, /api/v1/users/id, [::1]:51804, 200
2024/06/10 15:52:42 GET, /api/v1/users/, [::1]:51812, 200
2024/06/10 15:52:47 PUT, /api/v1/users/id, [::1]:51826, 500
2024/06/10 15:52:49 PUT, /api/v1/users/id, [::1]:46512, 200
2024/06/10 15:52:52 GET, /api/v1/users/, [::1]:46514, 200
2024/06/10 15:53:00 PUT, /api/v1/users/id, [::1]:45590, 500
2024/06/10 15:53:10 PUT, /api/v1/users/id, [::1]:55950, 200
2024/06/10 15:53:14 GET, /api/v1/users/, [::1]:55964, 200
2024/06/10 17:11:11 Serving on port: 8080
2024/06/10 17:11:13 GET, /api/v1/users/, [::1]:33230, 200
2024/06/10 17:12:30 Serving on port: 8080
2024/06/10 17:12:44 POST, /login/, [::1]:55342, 400
2024/06/10 17:13:29 Serving on port: 8080
2024/06/10 17:13:31 POST, /api/v1/login/, [::1]:56370, 400
2024/06/10 17:13:44 POST, /api/v1/login/, [::1]:45970, 403
2024/06/10 17:14:00 GET, /api/v1/users/, [::1]:37276, 200
2024/06/10 17:14:16 POST, /api/v1/login/, [::1]:55656, 403
2024/06/10 17:18:57 POST, /api/v1/users/, [::1]:49582, 400
2024/06/10 17:22:40 Serving on port: 8080
2024/06/10 17:22:51 POST, /api/v1/users/, [::1]:35754, 200
2024/06/10 17:22:57 GET, /api/v1/users/, [::1]:35762, 200
2024/06/10 17:24:31 POST, /api/v1/users/, [::1]:43854, 400
2024/06/10 17:24:42 POST, /api/v1/users/, [::1]:48828, 200
2024/06/10 17:24:47 GET, /api/v1/users/, [::1]:48830, 200
2024/06/10 17:26:24 Serving on port: 8080
2024/06/10 17:26:39 DELETE, /api/v1/users/asdasd, [::1]:44974, 200
2024/06/10 17:26:42 POST, /api/v1/users/, [::1]:44978, 200
2024/06/10 17:26:45 GET, /api/v1/users/, [::1]:44990, 200
2024/06/10 17:26:58 DELETE, /api/v1/users/id, [::1]:55380, 200
2024/06/10 17:27:05 DELETE, /api/v1/users/asd, [::1]:57916, 200
2024/06/11 09:10:01 Serving on port: 8080
2024/06/11 09:10:11 GET, /api/v1/users/, [::1]:43652, 200
2024/06/11 09:10:57 POST, /api/v1/login/, [::1]:39520, 403
2024/06/11 09:11:18 DELETE, /api/v1/users/asdasd, [::1]:33670, 200
2024/06/11 09:11:38 POST, /api/v1/users/, [::1]:48864, 200
2024/06/11 09:11:43 GET, /api/v1/users/, [::1]:48876, 200
2024/06/11 09:12:01 POST, /api/v1/users/, [::1]:46640, 200
2024/06/11 09:12:53 POST, /api/v1/login/, [::1]:58200, 403
2024/06/11 09:12:57 GET, /api/v1/users/, [::1]:58214, 200
2024/06/11 09:13:10 POST, /api/v1/login/, [::1]:47000, 200
2024/06/11 10:04:05 Serving on port: 8080
2024/06/11 12:14:14 Serving on port: 8080
2024/06/11 12:16:47 Serving on port: 8080
2024/06/11 12:17:26 Serving on port: 8080
2024/06/11 12:18:46 Serving on port: 8080
2024/06/11 12:19:07 Serving on port: 8080
2024/06/11 12:20:00 Serving on port: 8080
2024/06/11 12:20:42 Serving on port: 8080
2024/06/11 12:22:05 Serving on port: 8080
2024/06/11 12:23:12 Serving on port: 8080
2024/06/11 12:23:25 Serving on port: 8080
2024/06/11 12:27:52 Serving on port: 8080
2024/06/11 12:28:45 Serving on port: 8080
2024/06/11 12:37:18 Serving on port: 8080
2024/06/11 12:43:36 Serving on port: 8080
2024/06/11 12:48:48 Serving on port: 8080
2024/06/11 12:49:05 Serving on port: 8080
2024/06/12 09:20:23 Serving on port: 8080
2024/06/12 09:21:53 Serving on port: 8080
2024/06/12 09:28:27 Serving on port: 8080
2024/06/12 09:28:42 Serving on port: 8080
2024/06/12 09:29:14 POST, /api/v1/items/, [::1]:53386, 200
2024/06/12 09:29:34 GET, /api/v1/items/, [::1]:45450, 200
2024/06/12 09:29:53 GET, /api/v1/items/alberto, [::1]:46692, 200
2024/06/12 09:29:59 GET, /api/v1/items/alberto, [::1]:45354, 200
2024/06/12 09:30:05 GET, /api/v1/items/, [::1]:45364, 200
2024/06/12 09:32:22 GET, /api/v1/items/, [::1]:42972, 200
2024/06/12 09:32:46 Serving on port: 8080
2024/06/12 09:32:48 GET, /api/v1/items/, [::1]:60312, 200
2024/06/12 09:33:12 GET, /api/v1/items/alberto, [::1]:43502, 200
2024/06/12 09:33:20 GET, /api/v1/users/, [::1]:35738, 200
2024/06/12 09:34:24 Serving on port: 8080
2024/06/12 09:34:27 GET, /api/v1/users/, [::1]:48626, 200
2024/06/12 09:34:30 GET, /api/v1/items/, [::1]:59592, 200
2024/06/12 09:34:32 GET, /api/v1/items/alberto, [::1]:59596, 200
2024/06/12 09:51:00 Serving on port: 8080
2024/06/12 09:51:02 GET, /api/v1/items/alberto, [::1]:40372, 200
2024/06/12 09:51:04 GET, /api/v1/items/, [::1]:40388, 200
2024/06/12 09:52:18 POST, /api/v1/items/, [::1]:49314, 400
2024/06/12 09:52:37 POST, /api/v1/items/, [::1]:43342, 400
2024/06/12 09:54:21 Serving on port: 8080
2024/06/12 09:54:23 POST, /api/v1/items/, [::1]:42834, 400
2024/06/12 09:54:45 Serving on port: 8080
2024/06/12 09:54:47 POST, /api/v1/items/, [::1]:59360, 400
2024/06/12 09:55:02 GET, /api/v1/items/, [::1]:52020, 200
2024/06/12 09:56:08 GET, /api/v1/users/, [::1]:47718, 200
2024/06/12 09:56:50 POST, /api/v1/users/, [::1]:34470, 200
2024/06/12 09:56:54 GET, /api/v1/users/, [::1]:34484, 200
2024/06/12 09:57:52 Serving on port: 8080
2024/06/12 09:58:00 GET, /api/v1/items/alberto, [::1]:57232, 200
2024/06/12 09:58:04 GET, /api/v1/items/asd, [::1]:57240, 404
2024/06/12 09:58:16 GET, /api/v1/items/asdasd, [::1]:48144, 404
2024/06/12 09:58:19 GET, /api/v1/items/alberto, [::1]:59204, 200
2024/06/12 09:58:56 Serving on port: 8080
2024/06/12 09:58:59 GET, /api/v1/items/, [::1]:55874, 400
2024/06/12 10:35:35 Serving on port: 8080
2024/06/12 10:35:44 DELETE, /api/v1/items/alberto, [::1]:34844, 404
2024/06/12 10:36:16 DELETE, /api/v1/items/alberto, [::1]:57642, 404
2024/06/12 10:37:08 GET, /api/v1/items/, [::1]:57034, 200
2024/06/12 10:37:35 POST, /api/v1/items/, [::1]:52654, 400
2024/06/12 10:45:07 Serving on port: 8080
2024/06/12 10:46:39 POST, /api/v1/items/, [::1]:35182, 400
2024/06/12 10:46:47 POST, /api/v1/items/, [::1]:38402, 400
2024/06/12 10:46:51 POST, /api/v1/items/, [::1]:38414, 400
2024/06/12 10:47:22 POST, /api/v1/items/, [::1]:57948, 400
2024/06/12 10:47:32 POST, /api/v1/items/, [::1]:46212, 400
2024/06/12 10:47:53 GET, /api/v1/items/, [::1]:52056, 200
2024/06/12 10:53:41 POST, /api/v1/items/, [::1]:41342, 400
2024/06/12 10:55:10 Serving on port: 8080
2024/06/12 10:56:09 GET, /api/v1/items/, [::1]:52358, 400
2024/06/12 10:58:32 GET, /api/v1/items/, [::1]:47170, 400
2024/06/12 10:58:35 GET, /api/v1/items/asd, [::1]:47186, 404
2024/06/12 10:58:47 GET, /api/v1/items/, [::1]:58350, 400
2024/06/12 11:00:18 GET, /api/v1/items/, [::1]:34716, 400
2024/06/13 12:24:25 Serving on port: 8080
2024/06/13 12:24:45 GET, /api/v1/items/, [::1]:49376, 400
2024/06/13 12:25:00 GET, /api/v1/items/nil, [::1]:53910, 200
2024/06/13 12:25:22 GET, /api/v1/items/nil, [::1]:35840, 200
2024/06/13 12:25:29 Serving on port: 8080
2024/06/13 12:25:33 GET, /api/v1/items/nil, [::1]:43548, 200
2024/06/13 12:25:35 GET, /api/v1/items/, [::1]:43556, 200
2024/06/13 12:25:44 GET, /api/v1/users/, [::1]:45942, 200
2024/06/13 14:24:29 Serving on port: 8080
2024/06/13 14:24:42 GET, /api/v1/items/, [::1]:49230, 200
2024/06/13 14:24:50 GET, /api/v1/items/, [::1]:49232, 200
2024/06/13 14:25:04 POST, /api/v1/items/, [::1]:41430, 200
2024/06/13 14:25:20 GET, /api/v1/items/, [::1]:33524, 200
2024/06/13 14:28:43 Serving on port: 8080
2024/06/13 14:28:49 PUT, /api/v1/items/asd, [::1]:34198, 500
2024/06/13 14:29:02 PUT, /api/v1/items/asd, [::1]:52048, 200
2024/06/13 14:29:28 PUT, /api/v1/items/asd, [::1]:46794, 200
2024/06/13 14:29:35 PUT, /api/v1/items/asd, [::1]:35696, 500
2024/06/13 14:36:09 PUT, /api/v1/items/asd, [::1]:46288, 500
2024/06/13 14:36:13 PUT, /api/v1/items/asd, [::1]:55548, 200
2024/06/13 15:10:52 Serving on port: 8080
2024/06/13 15:11:05 GET, /api/v1/items/, [::1]:47756, 200
2024/06/13 15:11:17 DELETE, /api/v1/items/asd, [::1]:45476, 200
2024/06/13 15:11:26 DELETE, /api/v1/items/asd, [::1]:48288, 404
2024/06/13 15:11:40 DELETE, /api/v1/items/asd, [::1]:43482, 404
2024/06/13 15:11:45 DELETE, /api/v1/items/asd, [::1]:43498, 404
2024/06/13 15:11:58 DELETE, /api/v1/items/asd, [::1]:37012, 404
2024/06/13 15:12:25 Serving on port: 8080
2024/06/13 15:12:28 DELETE, /api/v1/items/asd, [::1]:55094, 404
2024/06/13 15:13:06 Serving on port: 8080
2024/06/13 15:13:08 DELETE, /api/v1/items/asd, [::1]:56064, 404
2024/06/13 15:20:29 Serving on port: 8080
2024/06/13 15:20:31 DELETE, /api/v1/items/asd, [::1]:59396, 404
2024/06/13 15:21:30 Serving on port: 8080
2024/06/13 15:21:33 DELETE, /api/v1/items/asd, [::1]:52644, 404
2024/06/13 15:22:54 Serving on port: 8080
2024/06/13 15:22:56 DELETE, /api/v1/items/asd, [::1]:49036, 404
2024/06/13 15:23:09 Serving on port: 8080
2024/06/13 15:23:10 DELETE, /api/v1/items/asd, [::1]:58110, 404
2024/06/13 15:23:22 Serving on port: 8080
2024/06/13 15:23:23 DELETE, /api/v1/items/asd, [::1]:51390, 404
2024/06/13 15:24:25 Serving on port: 8080
2024/06/13 15:25:36 Serving on port: 8080
2024/06/13 15:25:42 POST, /api/v1/items/, [::1]:35218, 200
2024/06/13 15:25:46 DELETE, /api/v1/items/asd, [::1]:35232, 200
2024/06/13 15:26:27 Serving on port: 8080
2024/06/13 15:26:30 POST, /api/v1/items/, [::1]:36730, 200
2024/06/13 15:26:33 DELETE, /api/v1/items/asd, [::1]:38102, 201
2024/06/13 15:53:07 Serving on port: 8080
2024/06/13 15:56:14 Serving on port: 8080
2024/06/13 16:04:07 Serving on port: 8080
2024/06/13 16:05:25 Serving on port: 8080
2024/06/13 16:07:34 Serving on port: 8080
2024/06/13 16:30:20 Serving on port: 8080
2024/06/13 16:30:26 Serving on port: 8080
2024/06/13 16:30:40 DELETE, /api/v1/items/asd, [::1]:56022, 404
2024/06/13 16:30:50 GET, /api/v1/items/, [::1]:56032, 200
2024/06/13 16:36:23 Serving on port: 8080
2024/06/13 16:36:25 GET, /api/v1/items/, [::1]:35566, 200
2024/06/13 16:37:50 Serving on port: 8080
2024/06/13 16:37:53 DELETE, /api/v1/items/asd, [::1]:56836, 404
2024/06/13 16:38:04 GET, /api/v1/items/, [::1]:36414, 200
2024/06/13 16:38:32 POST, /api/v1/items/, [::1]:55944, 201
2024/06/13 16:38:37 GET, /api/v1/items/, [::1]:55956, 200
2024/06/13 16:39:59 Serving on port: 8080
2024/06/13 16:40:02 GET, /api/v1/items/, [::1]:47676, 200
2024/06/13 16:53:40 Serving on port: 8080
2024/06/13 16:54:28 Serving on port: 8080
2024/06/13 16:54:33 GET, /api/v1/users/, [::1]:48560, 200
2024/06/13 16:54:39 GET, /api/v1/users/nil, [::1]:48570, 200
2024/06/13 16:57:14 Serving on port: 8080
2024/06/13 16:57:16 GET, /api/v1/users/nil, [::1]:59476, 200
2024/06/13 16:57:19 GET, /api/v1/users/, [::1]:59492, 200
2024/06/13 16:57:30 GET, /api/v1/items/, [::1]:38236, 200
2024/06/13 16:57:33 GET, /api/v1/items/asd, [::1]:38238, 200
2024/06/13 17:01:27 Serving on port: 8080
2024/06/13 17:01:33 Serving on port: 8080
2024/06/13 17:01:35 GET, /api/v1/items/asd, [::1]:40970, 200
2024/06/13 17:01:37 GET, /api/v1/items/, [::1]:40972, 200
2024/06/13 17:01:43 GET, /api/v1/users/, [::1]:45806, 200
2024/06/13 17:01:48 GET, /api/v1/users/nil, [::1]:45822, 200
2024/06/13 17:03:36 GET, /api/v1/users/, [::1]:48600, 200
2024/06/14 08:53:25 Serving on port: 8080
2024/06/14 08:53:38 GET, /api/v1/items/, [::1]:43212, 200
2024/06/14 08:53:47 POST, /api/v1/items/, [::1]:43218, 400
2024/06/14 08:54:05 POST, /api/v1/items/, [::1]:47888, 201
2024/06/14 08:54:10 GET, /api/v1/items/, [::1]:33716, 200
2024/06/14 09:26:13 Serving on port: 8080
2024/06/14 09:41:06 Serving on port: 8080
2024/06/14 09:48:38 Serving on port: 8080
2024/06/14 10:19:31 Serving on port: 8080
2024/06/14 10:23:57 Serving on port: 8080
2024/06/14 11:45:15 Serving on port: 8080
2024/06/14 11:51:54 Serving on port: 8080
2024/06/14 11:52:05 Serving on port: 8080
2024/06/14 11:52:18 GET, /api/v1/users/, [::1]:48586, 200
2024/06/14 11:52:46 POST, /api/v1/users/, [::1]:53988, 201
2024/06/14 11:52:50 GET, /api/v1/users/, [::1]:42780, 200
2024/06/14 11:53:07 POST, /api/v1/login/, [::1]:52532, 500
2024/06/14 11:53:30 Serving on port: 8080
2024/06/14 11:54:41 Serving on port: 8080
2024/06/14 11:54:47 GET, /api/v1/users/, [::1]:42896, 500
2024/06/14 12:01:16 Serving on port: 8080
2024/06/14 12:01:19 Serving on port: 8080
2024/06/14 12:07:33 Serving on port: 8080
2024/06/14 12:07:47 Serving on port: 8080
2024/06/14 12:07:51 GET, /api/v1/users/, [::1]:60362, 200
2024/06/14 12:08:09 POST, /api/v1/users/, [::1]:43962, 201
2024/06/14 12:08:12 GET, /api/v1/users/, [::1]:43964, 200
2024/06/14 12:08:22 POST, /api/v1/login/, [::1]:42294, 200
2024/06/14 12:12:30 Serving on port: 8080
2024/06/14 12:12:37 POST, /api/v1/login/, [::1]:48924, 200
2024/06/14 12:26:20 Serving on port: 8080
2024/06/14 12:26:24 POST, /api/v1/login/, [::1]:44864, 200
2024/06/14 12:26:42 GET, /api/v1/items/, [::1]:33676, 401
2024/06/14 12:28:57 GET, /api/v1/items/, [::1]:46370, 200
2024/06/14 12:31:38 Serving on port: 8080
2024/06/14 12:31:41 GET, /api/v1/items/, [::1]:46490, 200
2024/06/14 12:31:48 GET, /api/v1/items/, [::1]:35246, 401
2024/06/14 12:31:58 GET, /api/v1/items/, [::1]:37232, 401
2024/06/14 12:32:00 GET, /api/v1/items/, [::1]:37240, 200
2024/06/14 12:44:35 Serving on port: 8080
2024/06/14 12:44:37 POST, /api/v1/revoke/, [::1]:46824, 400
2024/06/14 12:44:58 POST, /api/v1/revoke/, [::1]:38300, 500
2024/06/14 12:45:13 POST, /api/v1/revoke/, [::1]:33436, 500
2024/06/14 14:57:12 Serving on port: 8080
2024/06/14 14:58:33 Serving on port: 8080
2024/06/14 14:58:47 Serving on port: 8080
2024/06/14 14:59:00 GET, /api/v1/users/, [::1]:56558, 200
2024/06/14 14:59:36 POST, /api/v1/users/, [::1]:53328, 201
2024/06/14 14:59:48 POST, /api/v1/login/, [::1]:45426, 200
2024/06/14 15:00:27 GET, /api/v1/items/, [::1]:58450, 401
2024/06/14 15:01:39 Serving on port: 8080
2024/06/14 15:02:40 Serving on port: 8080
2024/06/14 15:02:49 POST, /api/v1/users/, [::1]:55406, 201
2024/06/14 15:02:58 POST, /api/v1/login/, [::1]:41624, 200
2024/06/14 15:03:31 POST, /api/v1/revoke/, [::1]:37252, 200
2024/06/14 15:10:49 Serving on port: 8080
2024/06/14 15:17:05 Serving on port: 8080
2024/06/14 15:17:37 GET, /api/v1/users/, [::1]:33424, 200
2024/06/14 15:18:09 POST, /api/v1/login/, [::1]:33458, 200
2024/06/14 15:18:31 POST, /api/v1/refresh/, [::1]:38656, 400
2024/06/14 15:18:42 POST, /api/v1/refresh/, [::1]:37210, 400
2024/06/14 15:20:11 POST, /api/v1/refresh/, [::1]:60802, 400
2024/06/14 15:22:04 Serving on port: 8080
2024/06/14 15:22:07 POST, /api/v1/refresh/, [::1]:60408, 400
2024/06/14 15:22:26 Serving on port: 8080
2024/06/14 15:22:29 POST, /api/v1/refresh/, [::1]:41784, 200
2024/06/14 15:28:23 POST, /api/v1/revoke/, [::1]:43316, 200
2024/06/14 15:28:27 POST, /api/v1/refresh/, [::1]:34250, 400
2024/06/14 15:43:48 Serving on port: 8080
2024/06/14 15:44:44 POST, /api/v1/users/, [::1]:56848, 201
2024/06/14 15:44:48 GET, /api/v1/users/, [::1]:49106, 200
2024/06/14 15:45:01 POST, /api/v1/login/, [::1]:35336, 500
2024/06/14 15:45:53 POST, /api/v1/login/, [::1]:46478, 500
2024/06/14 15:46:37 Serving on port: 8080
2024/06/14 15:46:38 POST, /api/v1/login/, [::1]:49116, 500
2024/06/14 15:47:39 Serving on port: 8080
2024/06/14 15:47:40 POST, /api/v1/login/, [::1]:45810, 200
2024/06/14 15:51:10 Serving on port: 8080
2024/06/14 15:51:13 Serving on port: 8080
2024/06/14 15:51:22 Serving on port: 8080
2024/06/14 15:51:27 Serving on port: 8080
2024/06/14 15:52:01 POST, /api/v1/users/, [::1]:52990, 201
2024/06/14 15:52:04 POST, /api/v1/login/, [::1]:52994, 200
2024/06/14 15:53:31 Serving on port: 8080
2024/06/14 15:53:33 POST, /api/v1/login/, [::1]:59714, 200
2024/06/14 15:55:35 Serving on port: 8080
2024/06/14 15:55:37 POST, /api/v1/login/, [::1]:46180, 200
2024/06/14 15:55:53 Serving on port: 8080
2024/06/14 15:55:55 POST, /api/v1/login/, [::1]:49864, 200
2024/06/14 15:58:50 Serving on port: 8080
2024/06/14 15:58:54 POST, /api/v1/login/, [::1]:59608, 200
2024/06/14 16:41:30 Serving on port: 8080
2024/06/17 09:05:27 Serving on port: 8080
2024/06/17 09:05:39 GET, /api/v1/users/, [::1]:42196, 200
2024/06/17 09:05:49 GET, /api/v1/items/, [::1]:47094, 401
2024/06/17 09:08:15 GET, /api/v1/items/, [::1]:44568, 401
2024/06/17 09:08:38 GET, /api/v1/users/ù, [::1]:47106, 404
2024/06/17 09:08:40 GET, /api/v1/users/, [::1]:47114, 200
2024/06/17 09:14:06 GET, /api/v1/users/, [::1]:40562, 200
2024/06/17 09:14:12 GET, /api/v1/users/, [::1]:40574, 200
2024/06/17 09:18:26 Serving on port: 8080
2024/06/17 09:18:31 GET, /api/v1/users/, [::1]:55410, 200
2024/06/17 09:18:41 GET, /api/v1/users/, [::1]:39614, 200
2024/06/17 09:20:05 GET, /api/v1/users/, [::1]:43044, 200
2024/06/17 09:20:22 GET, /api/v1/users/, [::1]:49730, 200
2024/06/17 09:20:35 GET, /api/v1/users/, [::1]:49914, 200
2024/06/17 09:20:53 GET, /api/v1/users/, [::1]:49040, 200
2024/06/17 09:21:43 GET, /api/v1/users/, [::1]:45978, 200
2024/06/17 09:22:06 GET, /api/v1/users/, [::1]:42350, 200
2024/06/17 09:25:11 GET, /api/v1/users/, [::1]:34316, 200
2024/06/17 09:25:12 GET, /api/v1/users/, [::1]:34332, 200
2024/06/17 09:25:25 GET, /api/v1/users/, [::1]:50298, 200
2024/06/17 09:25:25 GET, /api/v1/users/, [::1]:41710, 200
2024/06/17 09:26:39 GET, /api/v1/users/, [::1]:57414, 200
2024/06/17 09:27:05 GET, /api/v1/users/, [::1]:56980, 200
2024/06/17 09:27:17 GET, /api/v1/users/, [::1]:40946, 200
2024/06/17 09:27:29 GET, /api/v1/users/, [::1]:54918, 200
2024/06/17 09:27:42 GET, /api/v1/users/, [::1]:40402, 200
2024/06/17 09:28:43 Serving on port: 8080
2024/06/17 09:41:42 Serving on port: 8080
2024/06/17 09:41:45 GET, /api/v1/users/, [::1]:48746, 200
2024/06/17 09:43:21 GET, /api/v1/users/, [::1]:42442, 200
2024/06/17 09:43:21 GET, /api/v1/users/, [::1]:42452, 200
2024/06/17 09:44:13 GET, /api/v1/users/, [::1]:55770, 200
2024/06/17 09:44:13 GET, /api/v1/users/, [::1]:55774, 200
2024/06/17 09:44:14 POST, /api/v1/login/, [::1]:55778, 403
2024/06/17 09:45:54 GET, /api/v1/users/, [::1]:41542, 200
2024/06/17 09:45:54 GET, /api/v1/users/, [::1]:41552, 200
2024/06/17 09:45:54 POST, /api/v1/login/, [::1]:41566, 403
2024/06/17 09:46:10 GET, /api/v1/users/, [::1]:42328, 200
2024/06/17 09:46:10 GET, /api/v1/users/, [::1]:42330, 200
2024/06/17 09:46:10 POST, /api/v1/login/, [::1]:42346, 403
2024/06/17 09:59:01 Serving on port: 8080
2024/06/17 09:59:04 GET, /api/v1/users/, [::1]:60326, 200
2024/06/17 09:59:04 GET, /api/v1/users/, [::1]:60342, 200
2024/06/17 09:59:04 POST, /api/v1/login/, [::1]:60346, 403
2024/06/17 09:59:18 GET, /api/v1/users/, [::1]:54398, 200
2024/06/17 09:59:19 GET, /api/v1/users/, [::1]:54412, 200
2024/06/17 09:59:19 POST, /api/v1/login/, [::1]:54422, 403
2024/06/17 09:59:53 GET, /api/v1/users/, [::1]:57494, 200
2024/06/17 10:00:06 GET, /api/v1/users/, [::1]:35410, 200
2024/06/17 10:00:07 GET, /api/v1/users/, [::1]:35414, 200
2024/06/17 10:00:07 POST, /api/v1/login/, [::1]:35426, 403
2024/06/17 10:00:18 GET, /api/v1/users/, [::1]:53294, 200
2024/06/17 10:00:19 GET, /api/v1/users/, [::1]:53306, 200
2024/06/17 10:00:19 POST, /api/v1/login/, [::1]:53318, 403
2024/06/17 10:00:35 GET, /api/v1/users/, [::1]:38566, 200
2024/06/17 10:00:36 GET, /api/v1/users/, [::1]:38572, 200
2024/06/17 10:00:36 POST, /api/v1/login/, [::1]:38580, 403
2024/06/17 10:00:59 GET, /api/v1/users/, [::1]:53014, 200
2024/06/17 10:01:04 GET, /api/v1/users/, [::1]:53026, 200
2024/06/17 10:01:04 GET, /api/v1/users/, [::1]:53036, 200
2024/06/17 10:01:04 POST, /api/v1/login/, [::1]:53044, 403
2024/06/17 10:01:11 GET, /api/v1/users/, [::1]:37370, 200
2024/06/17 10:01:12 GET, /api/v1/users/, [::1]:37378, 200
2024/06/17 10:01:12 POST, /api/v1/login/, [::1]:37386, 200
2024/06/17 10:01:34 GET, /api/v1/users/, [::1]:50006, 200
2024/06/17 10:01:34 POST, /api/v1/login/, [::1]:50010, 200
2024/06/17 10:12:26 Serving on port: 8080
2024/06/17 10:12:35 GET, /api/v1/users/, [::1]:35746, 200
2024/06/17 10:12:35 POST, /api/v1/login/, [::1]:35752, 200
2024/06/17 10:13:34 GET, /api/v1/users/, [::1]:44504, 200
2024/06/17 10:13:35 POST, /api/v1/login/, [::1]:44510, 200
2024/06/17 10:14:09 GET, /api/v1/users/, [::1]:46984, 200
2024/06/17 10:14:10 POST, /api/v1/login/, [::1]:46998, 200
2024/06/17 10:14:25 GET, /api/v1/users/, [::1]:52374, 200
2024/06/17 10:14:25 POST, /api/v1/login/, [::1]:52376, 200
2024/06/17 10:14:52 GET, /api/v1/users/, [::1]:35704, 200
2024/06/17 10:14:52 POST, /api/v1/login/, [::1]:35710, 200
2024/06/17 10:15:15 GET, /api/v1/users/, [::1]:50864, 200
2024/06/17 10:15:15 POST, /api/v1/login/, [::1]:50878, 200
2024/06/17 10:17:34 GET, /api/v1/items/, [::1]:48250, 401
2024/06/17 10:17:48 GET, /api/v1/items/, [::1]:33210, 401
2024/06/17 10:17:53 POST, /api/v1/items/, [::1]:33226, 401
2024/06/17 10:18:10 GET, /api/v1/users/, [::1]:40382, 200
2024/06/17 10:18:36 POST, /api/v1/login/, [::1]:34004, 200
2024/06/17 10:18:53 POST, /api/v1/login/, [::1]:35940, 403
2024/06/17 10:19:38 GET, /api/v1/items/, [::1]:49252, 401
2024/06/17 10:19:47 GET, /api/v1/items/, [::1]:38332, 401
2024/06/17 10:20:10 GET, /api/v1/items/, [::1]:39728, 401
2024/06/17 10:20:49 Serving on port: 8080
2024/06/17 10:21:15 POST, /api/v1/users/, [::1]:36836, 201
2024/06/17 10:21:25 POST, /api/v1/login/, [::1]:50956, 200
2024/06/17 10:21:33 GET, /api/v1/items/, [::1]:50962, 401
2024/06/17 10:25:11 Serving on port: 8080
2024/06/17 10:25:14 GET, /api/v1/items/, [::1]:46108, 200
2024/06/17 10:26:23 GET, /api/v1/users/, [::1]:39274, 200
2024/06/17 10:26:23 POST, /api/v1/login/, [::1]:39290, 200
2024/06/17 10:26:34 GET, /api/v1/users/, [::1]:56764, 200
2024/06/17 10:26:34 POST, /api/v1/login/, [::1]:56772, 200
2024/06/17 10:26:46 GET, /api/v1/users/, [::1]:59372, 200
2024/06/17 10:26:46 POST, /api/v1/login/, [::1]:59382, 200
2024/06/17 10:28:12 GET, /api/v1/users/, [::1]:43286, 200
2024/06/17 10:28:13 POST, /api/v1/login/, [::1]:43290, 200
2024/06/17 10:28:13 GET, /api/v1/items/, [::1]:43296, 200
2024/06/17 10:29:16 GET, /api/v1/users/, [::1]:55574, 200
2024/06/17 10:29:16 POST, /api/v1/login/, [::1]:55586, 200
2024/06/17 10:29:16 GET, /api/v1/items/, [::1]:55600, 200
2024/06/17 10:29:42 GET, /api/v1/users/, [::1]:54804, 200
2024/06/17 10:29:43 POST, /api/v1/login/, [::1]:54820, 200
2024/06/17 10:29:43 GET, /api/v1/items/, [::1]:54832, 200
2024/06/17 10:30:37 GET, /api/v1/users/, [::1]:55200, 200
2024/06/17 10:30:37 POST, /api/v1/login/, [::1]:55206, 200
2024/06/17 10:30:38 GET, /api/v1/items/, [::1]:55222, 200
2024/06/17 10:30:47 GET, /api/v1/users/, [::1]:36810, 200
2024/06/17 10:30:48 POST, /api/v1/login/, [::1]:36818, 200
2024/06/17 10:30:48 GET, /api/v1/items/, [::1]:36822, 200
2024/06/17 10:36:36 Serving on port: 8080
2024/06/17 10:36:40 GET, /api/v1/users/, [::1]:33594, 200
2024/06/17 10:36:41 POST, /api/v1/login/, [::1]:33598, 200
2024/06/17 10:36:41 GET, /api/v1/items/, [::1]:33614, 200
2024/06/17 10:36:41 GET, /api/v1/items/, [::1]:33628, 200
2024/06/17 10:38:55 GET, /api/v1/users/, [::1]:43940, 200
2024/06/17 10:38:56 POST, /api/v1/login/, [::1]:43950, 200
2024/06/17 10:38:56 GET, /api/v1/items/, [::1]:43958, 200
2024/06/17 10:38:56 POST, /api/v1/items/, [::1]:43968, 400
2024/06/17 10:43:02 GET, /api/v1/users/, [::1]:48192, 200
2024/06/17 10:43:02 POST, /api/v1/login/, [::1]:48208, 200
2024/06/17 10:43:03 GET, /api/v1/items/, [::1]:48210, 200
2024/06/17 10:43:03 GET, /api/v1/items/, [::1]:48212, 200
2024/06/17 10:44:20 GET, /api/v1/users/, [::1]:49652, 200
2024/06/17 10:44:21 POST, /api/v1/login/, [::1]:49662, 200
2024/06/17 10:44:21 GET, /api/v1/items/, [::1]:49670, 200
2024/06/17 10:44:22 GET, /api/v1/items/, [::1]:49682, 200
2024/06/17 10:44:42 GET, /api/v1/users/, [::1]:44244, 200
2024/06/17 10:44:43 POST, /api/v1/login/, [::1]:44246, 200
2024/06/17 10:44:43 GET, /api/v1/items/, [::1]:44254, 200
2024/06/17 10:44:43 GET, /api/v1/items/, [::1]:44262, 200
2024/06/17 10:45:00 GET, /api/v1/users/, [::1]:34668, 200
2024/06/17 10:45:01 POST, /api/v1/login/, [::1]:34676, 200
2024/06/17 10:45:01 GET, /api/v1/items/, [::1]:34678, 200
2024/06/17 10:45:02 GET, /api/v1/items/, [::1]:34684, 200
2024/06/17 10:46:40 Serving on port: 8080
2024/06/17 10:46:44 GET, /api/v1/users/, [::1]:33856, 200
2024/06/17 10:46:45 POST, /api/v1/login/, [::1]:57300, 200
2024/06/17 10:46:45 GET, /api/v1/items/, [::1]:57308, 200
2024/06/17 10:49:25 GET, /api/v1/users/, [::1]:52310, 200
2024/06/17 10:49:26 POST, /api/v1/login/, [::1]:52318, 200
2024/06/17 10:49:26 GET, /api/v1/items/, [::1]:52324, 200
2024/06/17 10:49:50 GET, /api/v1/users/, [::1]:47094, 200
2024/06/17 10:49:50 POST, /api/v1/login/, [::1]:47104, 200
2024/06/17 10:49:50 GET, /api/v1/items/, [::1]:47106, 200
2024/06/17 10:50:35 GET, /api/v1/users/, [::1]:60220, 200
2024/06/17 10:50:36 POST, /api/v1/login/, [::1]:60224, 200
2024/06/17 10:50:36 GET, /api/v1/items/, [::1]:60236, 200
2024/06/17 10:50:37 POST, /api/v1/items/, [::1]:60248, 400
2024/06/17 10:50:57 GET, /api/v1/users/, [::1]:59240, 200
2024/06/17 10:50:57 POST, /api/v1/login/, [::1]:59250, 200
2024/06/17 10:50:58 GET, /api/v1/items/, [::1]:59252, 200
2024/06/17 10:50:58 POST, /api/v1/items/, [::1]:59262, 201
2024/06/17 10:51:17 GET, /api/v1/users/, [::1]:35472, 200
2024/06/17 10:51:17 POST, /api/v1/login/, [::1]:35488, 200
2024/06/17 10:51:18 GET, /api/v1/items/, [::1]:35504, 200
2024/06/17 10:51:18 POST, /api/v1/items/, [::1]:35506, 201
2024/06/17 10:51:30 GET, /api/v1/users/, [::1]:45670, 200
2024/06/17 10:51:30 POST, /api/v1/login/, [::1]:45672, 200
2024/06/17 10:51:30 GET, /api/v1/items/, [::1]:45676, 200
2024/06/17 10:51:31 POST, /api/v1/items/, [::1]:45684, 201
2024/06/17 10:51:50 GET, /api/v1/users/, [::1]:53890, 200
2024/06/17 10:51:51 POST, /api/v1/login/, [::1]:53894, 200
2024/06/17 10:51:51 GET, /api/v1/items/, [::1]:53896, 200
2024/06/17 10:51:52 POST, /api/v1/items/, [::1]:53908, 201
2024/06/17 10:52:06 GET, /api/v1/users/, [::1]:42572, 200
2024/06/17 10:52:07 POST, /api/v1/login/, [::1]:42576, 200
2024/06/17 10:52:07 GET, /api/v1/items/, [::1]:42584, 200
2024/06/17 10:52:08 POST, /api/v1/items/, [::1]:42596, 201
2024/06/17 10:52:24 GET, /api/v1/users/, [::1]:55854, 200
2024/06/17 10:52:24 POST, /api/v1/login/, [::1]:55870, 200
2024/06/17 10:52:25 GET, /api/v1/items/, [::1]:55884, 200
2024/06/17 10:52:25 POST, /api/v1/items/, [::1]:51480, 201
2024/06/17 10:52:49 GET, /api/v1/users/, [::1]:50826, 200
2024/06/17 10:52:49 POST, /api/v1/login/, [::1]:50840, 200
2024/06/17 10:52:49 GET, /api/v1/items/, [::1]:50852, 200
2024/06/17 10:52:50 POST, /api/v1/items/, [::1]:50862, 201
2024/06/17 10:52:50 GET, /api/v1/items/, [::1]:50876, 200
2024/06/17 10:53:29 GET, /api/v1/users/, [::1]:50322, 200
2024/06/17 10:53:29 POST, /api/v1/login/, [::1]:50330, 200
2024/06/17 10:53:30 GET, /api/v1/items/, [::1]:50338, 200
2024/06/17 10:53:30 POST, /api/v1/items/, [::1]:50350, 201
2024/06/17 10:53:31 GET, /api/v1/items/, [::1]:50366, 200
2024/06/17 10:55:16 GET, /api/v1/users/, [::1]:56560, 200
2024/06/17 10:55:16 POST, /api/v1/login/, [::1]:56566, 200
2024/06/17 10:55:16 GET, /api/v1/items/, [::1]:56574, 200
2024/06/17 10:55:17 POST, /api/v1/items/, [::1]:56590, 201
2024/06/17 10:55:17 GET, /api/v1/items/, [::1]:56602, 200
2024/06/17 10:55:46 GET, /api/v1/users/, [::1]:57178, 200
2024/06/17 10:55:46 POST, /api/v1/login/, [::1]:57194, 200
2024/06/17 10:55:47 GET, /api/v1/items/, [::1]:57202, 200
2024/06/17 10:55:47 POST, /api/v1/items/, [::1]:57204, 201
2024/06/17 10:55:47 GET, /api/v1/items/, [::1]:57212, 200
2024/06/17 10:55:58 GET, /api/v1/users/, [::1]:60662, 200
2024/06/17 10:55:59 POST, /api/v1/login/, [::1]:60676, 200
2024/06/17 10:55:59 GET, /api/v1/items/, [::1]:60692, 200
2024/06/17 10:56:00 POST, /api/v1/items/, [::1]:60694, 201
2024/06/17 10:56:00 GET, /api/v1/items/, [::1]:60696, 200
2024/06/17 10:56:14 GET, /api/v1/users/, [::1]:56048, 200
2024/06/17 10:56:14 POST, /api/v1/login/, [::1]:56064, 200
2024/06/17 10:56:15 GET, /api/v1/items/, [::1]:46584, 200
2024/06/17 10:56:15 POST, /api/v1/items/, [::1]:46588, 201
2024/06/17 10:56:16 GET, /api/v1/items/, [::1]:46596, 200
2024/06/17 10:56:54 Serving on port: 8080
2024/06/17 10:57:18 GET, /api/v1/users/, [::1]:47708, 200
2024/06/17 10:57:18 POST, /api/v1/login/, [::1]:47714, 200
2024/06/17 10:57:19 GET, /api/v1/items/, [::1]:47722, 200
2024/06/17 10:57:19 POST, /api/v1/items/, [::1]:47738, 201
2024/06/17 10:57:20 GET, /api/v1/items/, [::1]:47748, 200
2024/06/17 11:16:16 Serving on port: 8080
2024/06/17 11:16:32 POST, /api/v1/items/, [::1]:60322, 401
2024/06/17 11:16:53 POST, /api/v1/items/, [::1]:56762, 401
2024/06/17 11:16:53 GET, /api/v1/items/, [::1]:56764, 401
2024/06/17 11:18:01 POST, /api/v1/items/, [::1]:46606, 401
2024/06/17 11:18:01 GET, /api/v1/items/, [::1]:46610, 401
2024/06/17 11:18:50 POST, /api/v1/users/, [::1]:36710, 201
2024/06/17 11:18:51 POST, /api/v1/login/, [::1]:36714, 403
2024/06/17 11:18:51 POST, /api/v1/login/, [::1]:36724, 403
2024/06/17 11:18:51 POST, /api/v1/items/, [::1]:36736, 401
2024/06/17 11:18:52 GET, /api/v1/items/, [::1]:36740, 401
2024/06/17 11:20:21 POST, /api/v1/users/, [::1]:39888, 400
2024/06/17 11:20:21 POST, /api/v1/login/, [::1]:39896, 403
2024/06/17 11:20:21 POST, /api/v1/login/, [::1]:39906, 403
2024/06/17 11:20:21 POST, /api/v1/items/, [::1]:39922, 401
2024/06/17 11:20:22 GET, /api/v1/items/, [::1]:39932, 401
2024/06/17 11:21:17 Serving on port: 8080
2024/06/17 11:22:28 POST, /api/v1/users/, [::1]:42992, 201
2024/06/17 11:22:28 POST, /api/v1/login/, [::1]:42994, 403
2024/06/17 11:22:29 POST, /api/v1/login/, [::1]:42998, 403
2024/06/17 11:22:29 POST, /api/v1/items/, [::1]:43008, 401
2024/06/17 11:22:29 GET, /api/v1/items/, [::1]:43020, 401
2024/06/17 11:23:11 Serving on port: 8080
2024/06/17 11:23:15 POST, /api/v1/users/, [::1]:53542, 201
2024/06/17 11:23:16 POST, /api/v1/login/, [::1]:53558, 403
2024/06/17 11:23:16 POST, /api/v1/login/, [::1]:53570, 403
2024/06/17 11:23:16 POST, /api/v1/items/, [::1]:53576, 401
2024/06/17 11:23:16 GET, /api/v1/items/, [::1]:53580, 401
2024/06/17 11:24:28 Serving on port: 8080
2024/06/17 11:24:31 POST, /api/v1/users/, [::1]:51334, 201
2024/06/17 11:24:32 POST, /api/v1/login/, [::1]:51338, 403
2024/06/17 11:24:32 POST, /api/v1/login/, [::1]:51344, 403
2024/06/17 11:24:32 POST, /api/v1/items/, [::1]:51346, 401
2024/06/17 11:26:13 Serving on port: 8080
2024/06/17 11:26:17 POST, /api/v1/users/, [::1]:42740, 201
2024/06/17 11:26:17 POST, /api/v1/login/, [::1]:42742, 200
2024/06/17 11:26:18 POST, /api/v1/login/, [::1]:42744, 200
2024/06/17 11:26:19 POST, /api/v1/items/, [::1]:42758, 201
2024/06/17 11:27:20 Serving on port: 8080
2024/06/17 11:27:24 POST, /api/v1/users/, [::1]:56314, 201
2024/06/17 11:27:24 POST, /api/v1/login/, [::1]:56328, 200
2024/06/17 11:27:40 POST, /api/v1/login/, [::1]:59632, 200
2024/06/17 11:27:40 POST, /api/v1/items/, [::1]:59638, 201
2024/06/17 11:27:41 GET, /api/v1/items/, [::1]:59642, 200
2024/06/17 11:28:13 Serving on port: 8080
2024/06/17 11:28:18 POST, /api/v1/users/, [::1]:44244, 201
2024/06/17 11:28:18 POST, /api/v1/login/, [::1]:44246, 200
2024/06/17 11:28:19 POST, /api/v1/login/, [::1]:44252, 200
2024/06/17 11:28:29 POST, /api/v1/items/, [::1]:53658, 201
2024/06/17 11:28:30 GET, /api/v1/items/, [::1]:53672, 200
2024/06/17 11:29:06 Serving on port: 8080
2024/06/17 11:29:10 POST, /api/v1/users/, [::1]:52700, 201
2024/06/17 11:29:10 POST, /api/v1/login/, [::1]:52716, 200
2024/06/17 11:29:11 POST, /api/v1/login/, [::1]:52726, 200
2024/06/17 11:29:11 POST, /api/v1/items/, [::1]:52742, 201
2024/06/17 11:29:12 GET, /api/v1/items/, [::1]:52750, 200
2024/06/17 11:30:49 Serving on port: 8080
2024/06/17 11:30:53 POST, /api/v1/users/, [::1]:57118, 201
2024/06/17 11:30:53 POST, /api/v1/login/, [::1]:57124, 200
2024/06/17 11:30:54 POST, /api/v1/login/, [::1]:57136, 200
2024/06/17 11:30:54 POST, /api/v1/items/, [::1]:57144, 201
2024/06/17 11:30:55 GET, /api/v1/items/, [::1]:57158, 200
2024/06/17 11:31:15 Serving on port: 8080
2024/06/17 11:31:19 POST, /api/v1/users/, [::1]:36978, 201
2024/06/17 11:31:19 POST, /api/v1/login/, [::1]:36982, 200
2024/06/17 11:31:20 POST, /api/v1/login/, [::1]:36988, 200
2024/06/17 11:31:31 Serving on port: 8080
2024/06/17 11:31:36 POST, /api/v1/users/, [::1]:54320, 201
2024/06/17 11:31:36 POST, /api/v1/login/, [::1]:54332, 200
2024/06/17 11:31:36 POST, /api/v1/login/, [::1]:54346, 200
2024/06/17 11:31:37 POST, /api/v1/items/, [::1]:54352, 201
2024/06/17 11:34:24 POST, /api/v1/users/, [::1]:49400, 400
2024/06/17 11:34:25 POST, /api/v1/login/, [::1]:54700, 200
2024/06/17 11:34:25 POST, /api/v1/login/, [::1]:54712, 200
2024/06/17 11:34:26 POST, /api/v1/items/, [::1]:54722, 201
2024/06/17 11:37:44 Serving on port: 8080
2024/06/17 11:37:48 POST, /api/v1/users/, [::1]:45892, 201
2024/06/17 11:37:49 POST, /api/v1/login/, [::1]:45896, 200
2024/06/17 11:37:49 POST, /api/v1/login/, [::1]:45908, 200
2024/06/17 11:37:50 GET, /api/v1/items/, [::1]:45916, 200
2024/06/17 11:37:51 POST, /api/v1/items/, [::1]:45924, 201
2024/06/17 11:38:03 POST, /api/v1/users/, [::1]:56200, 400
2024/06/17 11:38:03 POST, /api/v1/login/, [::1]:56214, 200
2024/06/17 11:38:04 POST, /api/v1/login/, [::1]:56222, 200
2024/06/17 11:38:04 GET, /api/v1/items/, [::1]:56232, 200
2024/06/17 11:38:10 POST, /api/v1/items/, [::1]:41178, 201
2024/06/17 11:38:54 GET, /api/v1/items/item, [::1]:51798, 401
2024/06/17 11:39:18 POST, /api/v1/users/, [::1]:38034, 400
2024/06/17 11:39:18 POST, /api/v1/login/, [::1]:38040, 200
2024/06/17 11:39:19 POST, /api/v1/login/, [::1]:38050, 200
2024/06/17 11:39:20 GET, /api/v1/items/, [::1]:38052, 200
2024/06/17 11:39:20 POST, /api/v1/items/, [::1]:38062, 201
2024/06/17 11:39:35 GET, /api/v1/items/item, [::1]:42218, 404
2024/06/17 11:40:25 Serving on port: 8080
2024/06/17 11:40:30 POST, /api/v1/users/, [::1]:59482, 201
2024/06/17 11:40:30 POST, /api/v1/login/, [::1]:59494, 200
2024/06/17 11:40:31 POST, /api/v1/login/, [::1]:59508, 200
2024/06/17 11:40:32 GET, /api/v1/items/, [::1]:59524, 200
2024/06/17 11:40:33 POST, /api/v1/items/, [::1]:59534, 201
2024/06/17 11:41:03 GET, /api/v1/items/item, [::1]:48662, 404
2024/06/17 11:41:07 GET, /api/v1/items/, [::1]:38738, 200
2024/06/17 11:41:36 GET, /api/v1/items/, [::1]:42564, 200
2024/06/17 11:41:44 GET, /api/v1/items/, [::1]:42578, 200
2024/06/17 11:42:03 GET, /api/v1/items/, [::1]:60326, 200
2024/06/17 11:42:16 GET, /api/v1/items/, [::1]:57596, 200
2024/06/17 11:42:23 GET, /api/v1/items/, [::1]:57602, 200
2024/06/17 11:42:39 GET, /api/v1/items/, [::1]:48170, 200
2024/06/17 11:43:23 POST, /api/v1/users/, [::1]:56134, 400
2024/06/17 11:43:24 POST, /api/v1/login/, [::1]:56136, 200
2024/06/17 11:43:24 POST, /api/v1/login/, [::1]:56144, 200
2024/06/17 11:43:25 GET, /api/v1/items/, [::1]:56152, 200
2024/06/17 11:43:25 POST, /api/v1/items/, [::1]:35414, 201
2024/06/17 11:44:08 POST, /api/v1/users/, [::1]:37044, 400
2024/06/17 11:44:09 POST, /api/v1/login/, [::1]:37050, 200
2024/06/17 11:44:09 POST, /api/v1/login/, [::1]:37066, 200
2024/06/17 11:44:10 GET, /api/v1/items/, [::1]:37068, 200
2024/06/17 11:44:11 POST, /api/v1/items/, [::1]:37074, 201
2024/06/17 11:44:40 POST, /api/v1/users/, [::1]:48080, 400
2024/06/17 11:44:41 POST, /api/v1/login/, [::1]:48092, 200
2024/06/17 11:44:41 POST, /api/v1/login/, [::1]:48096, 200
2024/06/17 11:44:41 GET, /api/v1/items/, [::1]:48102, 200
2024/06/17 11:44:43 POST, /api/v1/items/, [::1]:48106, 201
2024/06/17 11:45:05 Serving on port: 8080
2024/06/17 11:45:09 POST, /api/v1/users/, [::1]:49218, 201
2024/06/17 11:45:09 POST, /api/v1/login/, [::1]:49224, 200
2024/06/17 11:45:10 POST, /api/v1/login/, [::1]:49228, 200
2024/06/17 11:45:10 GET, /api/v1/items/, [::1]:49232, 200
2024/06/17 11:45:11 POST, /api/v1/items/, [::1]:49234, 201
2024/06/17 11:45:21 POST, /api/v1/users/, [::1]:38732, 400
2024/06/17 11:45:22 POST, /api/v1/login/, [::1]:38744, 200
2024/06/17 11:45:24 POST, /api/v1/login/, [::1]:38752, 200
2024/06/17 11:45:25 GET, /api/v1/items/, [::1]:50420, 200
2024/06/17 11:45:26 POST, /api/v1/items/, [::1]:50438, 201
2024/06/17 11:45:47 POST, /api/v1/users/, [::1]:53714, 400
2024/06/17 11:45:48 POST, /api/v1/login/, [::1]:53716, 200
2024/06/17 11:45:49 POST, /api/v1/login/, [::1]:53730, 200
2024/06/17 11:45:49 GET, /api/v1/items/, [::1]:53738, 200
2024/06/17 11:45:50 POST, /api/v1/items/, [::1]:53740, 201
2024/06/17 11:46:33 GET, /api/v1/items/9a167a75-d206-4e33-a382-86557f51a29e, [::1]:37722, 401
2024/06/17 11:46:58 GET, /api/v1/items/9a167a75-d206-4e33-a382-86557f51a29e, [::1]:49852, 200
2024/06/17 11:47:38 POST, /api/v1/users/, [::1]:44932, 400
2024/06/17 11:47:39 POST, /api/v1/login/, [::1]:44948, 200
2024/06/17 11:47:39 POST, /api/v1/login/, [::1]:44950, 200
2024/06/17 11:47:40 GET, /api/v1/items/, [::1]:44954, 200
2024/06/17 11:47:41 POST, /api/v1/items/, [::1]:44966, 201
2024/06/17 11:47:57 Serving on port: 8080
2024/06/17 11:48:01 POST, /api/v1/users/, [::1]:43426, 201
2024/06/17 11:48:02 POST, /api/v1/login/, [::1]:43432, 200
2024/06/17 11:48:02 POST, /api/v1/login/, [::1]:43444, 200
2024/06/17 11:48:03 GET, /api/v1/items/, [::1]:43448, 200
2024/06/17 11:48:03 POST, /api/v1/items/, [::1]:43460, 201
2024/06/17 11:48:09 POST, /api/v1/users/, [::1]:35698, 400
2024/06/17 11:48:19 POST, /api/v1/login/, [::1]:46656, 200
2024/06/17 11:48:25 POST, /api/v1/login/, [::1]:46662, 200
2024/06/17 11:48:25 GET, /api/v1/items/, [::1]:39456, 200
2024/06/17 11:48:26 POST, /api/v1/items/, [::1]:39484, 201
2024/06/17 11:51:00 POST, /api/v1/users/, [::1]:47690, 400
2024/06/17 11:51:01 POST, /api/v1/login/, [::1]:47702, 200
2024/06/17 11:51:02 POST, /api/v1/login/, [::1]:47716, 200
2024/06/17 11:51:02 GET, /api/v1/items/, [::1]:47724, 200
2024/06/17 11:51:03 POST, /api/v1/items/, [::1]:47736, 201
2024/06/17 11:51:10 Serving on port: 8080
2024/06/17 11:51:14 POST, /api/v1/users/, [::1]:50838, 201
2024/06/17 11:51:20 POST, /api/v1/login/, [::1]:39546, 200
2024/06/17 11:51:20 POST, /api/v1/login/, [::1]:39550, 200
2024/06/17 11:51:21 GET, /api/v1/items/, [::1]:39554, 200
2024/06/17 11:51:21 POST, /api/v1/items/, [::1]:39558, 201
2024/06/17 11:51:32 POST, /api/v1/users/, [::1]:55150, 400
2024/06/17 11:51:33 POST, /api/v1/login/, [::1]:55160, 200
2024/06/17 11:51:33 POST, /api/v1/login/, [::1]:55164, 200
2024/06/17 11:51:33 GET, /api/v1/items/, [::1]:55172, 200
2024/06/17 11:51:34 POST, /api/v1/items/, [::1]:55196, 201
2024/06/17 11:52:54 DELETE, /api/v1/items/90a708d0-a654-43a0-b811-b784f8627c0b, [::1]:49714, 200
2024/06/17 11:53:06 POST, /api/v1/users/, [::1]:51916, 400
2024/06/17 11:53:06 POST, /api/v1/login/, [::1]:51924, 200
2024/06/17 11:53:07 POST, /api/v1/login/, [::1]:51938, 200
2024/06/17 11:53:07 GET, /api/v1/items/, [::1]:51950, 200
2024/06/17 11:53:08 DELETE, /api/v1/items/b39702e5-81f5-460b-801f-c62adb931510, [::1]:51962, 200
2024/06/17 11:53:08 POST, /api/v1/items/, [::1]:51974, 201
2024/06/17 11:53:15 POST, /api/v1/users/, [::1]:51986, 400
2024/06/17 11:53:15 POST, /api/v1/login/, [::1]:43198, 200
2024/06/17 11:53:16 POST, /api/v1/login/, [::1]:43208, 200
2024/06/17 11:53:16 GET, /api/v1/items/, [::1]:43220, 200
2024/06/17 11:53:17 DELETE, /api/v1/items/22c6b389-e339-42d5-8056-10899c9a6967, [::1]:43232, 200
2024/06/17 11:53:17 POST, /api/v1/items/, [::1]:43236, 201
2024/06/17 11:53:32 Serving on port: 8080
2024/06/17 11:53:36 POST, /api/v1/users/, [::1]:45516, 201
2024/06/17 11:53:37 POST, /api/v1/login/, [::1]:45518, 200
2024/06/17 11:53:38 POST, /api/v1/login/, [::1]:45526, 200
2024/06/17 11:53:38 GET, /api/v1/items/, [::1]:45534, 200
2024/06/17 11:53:39 POST, /api/v1/items/, [::1]:45546, 201
2024/06/17 11:54:29 POST, /api/v1/users/, [::1]:49992, 400
2024/06/17 11:54:29 POST, /api/v1/login/, [::1]:50006, 200
2024/06/17 11:54:31 POST, /api/v1/login/, [::1]:50012, 200
2024/06/17 11:54:31 GET, /api/v1/items/, [::1]:50016, 200
2024/06/17 11:54:32 DELETE, /api/v1/items/f040412e-afd9-4dc5-9bb7-7f038bc38242, [::1]:50028, 200
2024/06/17 11:54:32 POST, /api/v1/items/, [::1]:50036, 201
2024/06/17 11:54:33 GET, /api/v1/items/, [::1]:50044, 200
2024/06/17 11:56:33 POST, /api/v1/users/, [::1]:41550, 400
2024/06/17 11:56:33 POST, /api/v1/login/, [::1]:41562, 200
2024/06/17 11:56:34 POST, /api/v1/login/, [::1]:41568, 200
2024/06/17 11:56:34 GET, /api/v1/items/, [::1]:41584, 200
2024/06/17 11:56:35 DELETE, /api/v1/items/c9f6b0af-6f46-438c-a93e-1064b5a5c338, [::1]:41590, 200
2024/06/17 11:56:35 POST, /api/v1/items/, [::1]:59904, 201
2024/06/17 11:56:36 GET, /api/v1/items/, [::1]:59914, 200
2024/06/17 11:57:17 POST, /api/v1/users/, [::1]:48868, 400
2024/06/17 11:57:17 POST, /api/v1/login/, [::1]:48874, 200
2024/06/17 11:57:18 POST, /api/v1/login/, [::1]:48878, 200
2024/06/17 11:57:24 GET, /api/v1/items/, [::1]:48890, 200
2024/06/17 11:57:24 DELETE, /api/v1/items/b69e04b7-deaf-40d0-9755-618d92efa113, [::1]:48896, 200
2024/06/17 11:57:25 POST, /api/v1/items/, [::1]:48906, 201
2024/06/17 11:57:25 GET, /api/v1/items/, [::1]:57596, 200
2024/06/17 11:58:37 POST, /api/v1/users/, [::1]:40064, 400
2024/06/17 11:58:38 POST, /api/v1/login/, [::1]:40068, 200
2024/06/17 11:58:38 POST, /api/v1/login/, [::1]:40078, 200
2024/06/17 11:58:39 GET, /api/v1/items/, [::1]:40088, 200
2024/06/17 11:58:40 DELETE, /api/v1/items/89916185-95d0-428e-b1b8-c238baf44632, [::1]:40104, 200
2024/06/17 11:58:41 POST, /api/v1/items/, [::1]:40118, 201
2024/06/17 11:58:42 GET, /api/v1/items/, [::1]:40126, 200
2024/06/17 11:59:36 POST, /api/v1/users/, [::1]:43228, 400
2024/06/17 11:59:37 POST, /api/v1/login/, [::1]:43244, 200
2024/06/17 11:59:38 POST, /api/v1/login/, [::1]:43260, 200
2024/06/17 11:59:38 GET, /api/v1/items/, [::1]:43270, 200
2024/06/17 11:59:38 DELETE, /api/v1/items/1a09c516-36b0-4898-a182-caffee3a5def, [::1]:43280, 200
2024/06/17 11:59:39 POST, /api/v1/items/, [::1]:43284, 201
2024/06/17 11:59:40 GET, /api/v1/items/, [::1]:43294, 200
2024/06/17 11:59:57 POST, /api/v1/users/, [::1]:42866, 400
2024/06/17 11:59:58 POST, /api/v1/login/, [::1]:42876, 200
2024/06/17 11:59:58 POST, /api/v1/login/, [::1]:42880, 200
2024/06/17 11:59:59 GET, /api/v1/items/, [::1]:42894, 200
2024/06/17 11:59:59 DELETE, /api/v1/items/3d0775e9-6994-421b-a018-0ae4a18eb2e9, [::1]:42904, 200
2024/06/17 12:00:00 POST, /api/v1/items/, [::1]:42910, 201
2024/06/17 12:00:00 GET, /api/v1/items/, [::1]:42914, 200
2024/06/17 12:00:48 POST, /api/v1/users/, [::1]:45796, 400
2024/06/17 12:00:49 POST, /api/v1/login/, [::1]:45812, 200
2024/06/17 12:00:49 POST, /api/v1/login/, [::1]:45824, 200
2024/06/17 12:00:50 GET, /api/v1/items/, [::1]:45838, 200
2024/06/17 12:00:51 DELETE, /api/v1/items/2876f717-0520-4039-be95-86fac18cad03, [::1]:45848, 200
2024/06/17 12:00:51 POST, /api/v1/items/, [::1]:45854, 201
2024/06/17 12:00:52 GET, /api/v1/items/, [::1]:45868, 200
2024/06/17 12:01:02 PUT, /api/v1/items/62bca54a-6559-4c55-866e-f9183e720d36, [::1]:37050, 400
2024/06/17 12:01:20 PUT, /api/v1/items/62bca54a-6559-4c55-866e-f9183e720d36, [::1]:55770, 200
2024/06/17 12:01:43 POST, /api/v1/users/, [::1]:51844, 400
2024/06/17 12:01:43 POST, /api/v1/login/, [::1]:51856, 200
2024/06/17 12:01:44 POST, /api/v1/login/, [::1]:51864, 200
2024/06/17 12:01:44 GET, /api/v1/items/, [::1]:51878, 200
2024/06/17 12:01:45 POST, /api/v1/items/, [::1]:36132, 201
2024/06/17 12:01:45 GET, /api/v1/items/, [::1]:36146, 200
2024/06/17 12:02:21 POST, /api/v1/users/, [::1]:49456, 400
2024/06/17 12:02:21 POST, /api/v1/login/, [::1]:49466, 200
2024/06/17 12:02:22 POST, /api/v1/login/, [::1]:49468, 200
2024/06/17 12:02:23 GET, /api/v1/items/, [::1]:49472, 200
2024/06/17 12:02:23 DELETE, /api/v1/items/106eadd1-81a6-44c9-8ec2-b8af23030036, [::1]:49474, 200
2024/06/17 12:02:24 POST, /api/v1/items/, [::1]:49484, 201
2024/06/17 12:02:24 GET, /api/v1/items/, [::1]:49492, 200
2024/06/17 12:02:37 POST, /api/v1/users/, [::1]:40654, 400
2024/06/17 12:02:38 POST, /api/v1/login/, [::1]:40658, 200
2024/06/17 12:02:38 POST, /api/v1/login/, [::1]:40662, 200
2024/06/17 12:02:39 GET, /api/v1/items/, [::1]:40668, 200
2024/06/17 12:02:39 DELETE, /api/v1/items/3904dffe-ae29-4c9f-8785-2aad3b9cbf65, [::1]:40676, 200
2024/06/17 12:02:40 POST, /api/v1/items/, [::1]:40688, 201
2024/06/17 12:02:41 GET, /api/v1/items/, [::1]:40700, 200
2024/06/17 12:02:41 PUT, /api/v1/items/fffe2479-6229-4a2b-befb-be5ea3ce6e52, [::1]:40704, 400
2024/06/17 12:03:20 POST, /api/v1/users/, [::1]:36124, 400
2024/06/17 12:03:20 POST, /api/v1/login/, [::1]:36126, 200
2024/06/17 12:03:21 POST, /api/v1/login/, [::1]:36140, 200
2024/06/17 12:03:21 GET, /api/v1/items/, [::1]:36152, 200
2024/06/17 12:03:27 DELETE, /api/v1/items/fffe2479-6229-4a2b-befb-be5ea3ce6e52, [::1]:37096, 200
2024/06/17 12:03:36 Serving on port: 8080
2024/06/17 12:03:38 GET, /api/v1/items/, [::1]:36672, 200
2024/06/17 12:03:41 POST, /api/v1/users/, [::1]:36678, 400
2024/06/17 12:03:42 POST, /api/v1/login/, [::1]:36680, 200
2024/06/17 12:03:42 POST, /api/v1/login/, [::1]:36684, 200
2024/06/17 12:03:43 GET, /api/v1/items/, [::1]:36686, 200
2024/06/17 12:03:44 POST, /api/v1/items/, [::1]:36698, 201
2024/06/17 12:03:44 GET, /api/v1/items/, [::1]:36710, 200
2024/06/17 12:03:45 PUT, /api/v1/items/8fea94c7-5b41-4922-b3c1-b903ee1a3b40, [::1]:44734, 200
2024/06/17 12:04:03 POST, /api/v1/users/, [::1]:53952, 400
2024/06/17 12:04:04 POST, /api/v1/login/, [::1]:53962, 200
2024/06/17 12:04:04 POST, /api/v1/login/, [::1]:53964, 200
2024/06/17 12:04:04 GET, /api/v1/items/, [::1]:53976, 200
2024/06/17 12:04:05 POST, /api/v1/items/, [::1]:41158, 201
2024/06/17 12:04:05 GET, /api/v1/items/, [::1]:41162, 200
2024/06/17 12:04:06 PUT, /api/v1/items/45b2d830-19c5-4753-accc-a255a3f24d49, [::1]:41168, 200
2024/06/17 12:04:22 POST, /api/v1/users/, [::1]:43908, 400
2024/06/17 12:04:28 POST, /api/v1/login/, [::1]:46154, 200
2024/06/17 12:04:33 POST, /api/v1/login/, [::1]:46170, 200
2024/06/17 12:04:34 GET, /api/v1/items/, [::1]:46186, 200
2024/06/17 12:04:34 POST, /api/v1/items/, [::1]:46194, 201
2024/06/17 12:04:35 GET, /api/v1/items/, [::1]:52210, 200
2024/06/17 12:04:35 PUT, /api/v1/items/4ecc1916-b930-4e1d-b4eb-33372eab6e3a, [::1]:52222, 200
2024/06/17 12:05:08 POST, /api/v1/users/, [::1]:38934, 400
2024/06/17 12:05:09 POST, /api/v1/login/, [::1]:38938, 200
2024/06/17 12:05:14 POST, /api/v1/login/, [::1]:38952, 200
2024/06/17 12:05:15 GET, /api/v1/items/, [::1]:38958, 200
2024/06/17 12:05:15 POST, /api/v1/items/, [::1]:51940, 201
2024/06/17 12:05:16 GET, /api/v1/items/, [::1]:51942, 200
2024/06/17 12:05:17 PUT, /api/v1/items/a67aa2c2-d033-4306-acc0-c379d6f0c441, [::1]:51944, 200
2024/06/17 12:05:30 Serving on port: 8080
2024/06/17 12:05:58 POST, /api/v1/users/, [::1]:44288, 201
2024/06/17 12:06:00 POST, /api/v1/login/, [::1]:44302, 200
2024/06/17 12:06:00 POST, /api/v1/login/, [::1]:44318, 200
2024/06/17 12:06:01 GET, /api/v1/items/, [::1]:44320, 200
2024/06/17 12:06:01 POST, /api/v1/items/, [::1]:44330, 201
2024/06/17 12:06:02 GET, /api/v1/items/, [::1]:44342, 200
2024/06/17 12:06:02 PUT, /api/v1/items/6d923ec5-ff0e-4c8c-9387-637b09f446b6, [::1]:44348, 200
2024/06/17 12:06:03 DELETE, /api/v1/items/6d923ec5-ff0e-4c8c-9387-637b09f446b6, [::1]:44364, 200
2024/06/17 12:06:45 Serving on port: 8080
2024/06/17 12:06:48 Serving on port: 8080
2024/06/17 12:06:52 POST, /api/v1/users/, [::1]:37478, 201
2024/06/17 12:06:52 POST, /api/v1/login/, [::1]:37492, 200
2024/06/17 12:06:53 POST, /api/v1/login/, [::1]:37498, 200
2024/06/17 12:06:53 GET, /api/v1/items/, [::1]:37512, 200
2024/06/17 12:06:54 POST, /api/v1/items/, [::1]:37520, 201
2024/06/17 12:06:54 GET, /api/v1/items/, [::1]:37534, 200
2024/06/17 12:06:55 PUT, /api/v1/items/9c054e37-1bde-4a7b-9ec4-6a113ce3b521, [::1]:60858, 200
2024/06/17 12:06:56 GET, /api/v1/items/, [::1]:60874, 200
2024/06/17 12:06:56 GET, /api/v1/items/9c054e37-1bde-4a7b-9ec4-6a113ce3b521, [::1]:60890, 200
2024/06/17 12:06:57 DELETE, /api/v1/items/9c054e37-1bde-4a7b-9ec4-6a113ce3b521, [::1]:60902, 200
2024/06/17 12:14:27 Serving on port: 8080
2024/06/17 12:20:51 Serving on port: 8080
2024/06/17 12:21:22 Serving on port: 8080
2024/06/17 12:21:27 POST, /api/v1/users/, [::1]:59010, 201
2024/06/17 12:22:21 POST, /api/v1/users/, [::1]:48140, 400
2024/06/17 12:22:22 Serving on port: 8080
2024/06/17 12:22:22 POST, /api/v1/login/, [::1]:48146, 403
2024/06/17 12:22:54 POST, /api/v1/users/, [::1]:52126, 400
2024/06/17 12:22:55 Serving on port: 8080
2024/06/17 12:23:41 Serving on port: 8080
2024/06/17 12:23:52 Serving on port: 8080
2024/06/17 12:24:18 Serving on port: 8080
2024/06/17 12:24:47 Serving on port: 8080
2024/06/17 12:25:03 Serving on port: 8080
2024/06/17 12:25:35 Serving on port: 8080
2024/06/17 12:25:57 Serving on port: 8080
2024/06/17 12:26:22 Serving on port: 8080
2024/06/17 12:27:56 Serving on port: 8080
2024/06/17 12:28:21 POST, /api/v1/users/, [::1]:58584, 500
2024/06/17 12:28:22 POST, /api/v1/login/, [::1]:58588, 403
2024/06/17 12:28:22 POST, /api/v1/login/, [::1]:58590, 403
2024/06/17 12:28:22 GET, /api/v1/items/, [::1]:58594, 401
2024/06/17 12:28:23 POST, /api/v1/items/, [::1]:58608, 401
2024/06/17 12:28:23 GET, /api/v1/items/, [::1]:58610, 401
2024/06/17 12:28:24 POST, /api/v1/items/, [::1]:58612, 401
2024/06/17 12:28:24 GET, /api/v1/items/, [::1]:58616, 401
2024/06/17 12:28:25 GET, /api/v1/items/, [::1]:44160, 401
2024/06/17 12:28:26 GET, /api/v1/items/, [::1]:44164, 401
2024/06/17 12:29:24 Serving on port: 8080
2024/06/17 12:29:29 POST, /api/v1/users/, [::1]:42726, 201
2024/06/17 12:29:30 POST, /api/v1/login/, [::1]:42730, 200
2024/06/17 12:29:30 POST, /api/v1/login/, [::1]:42746, 200
2024/06/17 12:29:32 GET, /api/v1/items/, [::1]:42758, 200
2024/06/17 12:29:32 POST, /api/v1/items/, [::1]:42766, 201
2024/06/17 12:29:33 GET, /api/v1/items/, [::1]:42780, 200
2024/06/17 12:29:33 PUT, /api/v1/items/208413b8-40a8-43d3-b797-f0dd7b615a16, [::1]:42784, 200
2024/06/17 12:29:34 GET, /api/v1/items/, [::1]:42788, 200
2024/06/17 12:29:34 GET, /api/v1/items/208413b8-40a8-43d3-b797-f0dd7b615a16, [::1]:42794, 200
2024/06/17 12:29:45 DELETE, /api/v1/items/208413b8-40a8-43d3-b797-f0dd7b615a16, [::1]:35536, 200
2024/06/17 14:14:35 Serving on port: 8080
2024/06/17 14:25:29 Serving on port: 8080
2024/06/17 14:25:52 POST, /api/v1/users/, [::1]:37426, 400
2024/06/17 14:25:53 POST, /api/v1/login/, [::1]:37438, 200
2024/06/17 14:25:53 POST, /api/v1/login/, [::1]:37454, 200
2024/06/17 14:26:41 POST, /api/v1/users/, [::1]:45494, 400
2024/06/17 14:26:41 POST, /api/v1/login/, [::1]:45510, 200
2024/06/17 14:26:42 POST, /api/v1/login/, [::1]:45518, 200
2024/06/17 14:27:18 POST, /api/v1/users/, [::1]:41196, 400
2024/06/17 14:27:19 POST, /api/v1/login/, [::1]:41200, 200
2024/06/17 14:27:19 POST, /api/v1/login/, [::1]:41214, 200
2024/06/17 14:28:22 POST, /api/v1/users/, [::1]:36406, 400
2024/06/17 14:28:22 POST, /api/v1/login/, [::1]:36408, 200
2024/06/17 14:28:23 POST, /api/v1/login/, [::1]:36412, 200
2024/06/17 14:28:48 POST, /api/v1/users/, [::1]:42328, 400
2024/06/17 14:28:49 POST, /api/v1/login/, [::1]:42334, 200
2024/06/17 14:28:49 POST, /api/v1/login/, [::1]:42336, 200
2024/06/17 14:28:58 POST, /api/v1/users/, [::1]:39780, 400
2024/06/17 14:28:59 POST, /api/v1/login/, [::1]:39788, 200
2024/06/17 14:28:59 POST, /api/v1/login/, [::1]:39792, 200
2024/06/17 14:29:10 POST, /api/v1/users/, [::1]:53382, 400
2024/06/17 14:29:11 POST, /api/v1/login/, [::1]:53396, 200
2024/06/17 14:29:11 POST, /api/v1/login/, [::1]:53400, 200
2024/06/17 14:29:11 GET, /api/v1/items/, [::1]:53414, 200
2024/06/17 14:29:12 POST, /api/v1/items/, [::1]:53428, 201
2024/06/17 14:29:12 GET, /api/v1/items/, [::1]:53430, 200
2024/06/17 14:29:13 PUT, /api/v1/items/38754fb6-7823-4311-b926-9e193a4a27a1, [::1]:53446, 200
2024/06/17 14:29:13 GET, /api/v1/items/, [::1]:53456, 200
2024/06/17 14:29:13 GET, /api/v1/items/38754fb6-7823-4311-b926-9e193a4a27a1, [::1]:53466, 200
2024/06/17 14:29:14 DELETE, /api/v1/items/38754fb6-7823-4311-b926-9e193a4a27a1, [::1]:53478, 200
2024/06/17 14:29:54 POST, /api/v1/users/, [::1]:49666, 400
2024/06/17 14:29:55 POST, /api/v1/login/, [::1]:33740, 200
2024/06/17 14:29:55 POST, /api/v1/login/, [::1]:33746, 200
2024/06/17 14:32:18 POST, /api/v1/users/, [::1]:53352, 400
2024/06/17 14:32:18 POST, /api/v1/login/, [::1]:53366, 200
2024/06/17 14:32:19 POST, /api/v1/login/, [::1]:53376, 200
2024/06/17 14:32:55 POST, /api/v1/users/, [::1]:57930, 400
2024/06/17 14:32:56 POST, /api/v1/login/, [::1]:57942, 200
2024/06/17 14:32:56 POST, /api/v1/login/, [::1]:57952, 200
2024/06/17 14:34:09 POST, /api/v1/users/, [::1]:43418, 400
2024/06/17 14:34:09 POST, /api/v1/login/, [::1]:43424, 200
2024/06/17 14:34:10 POST, /api/v1/login/, [::1]:43438, 200
2024/06/17 14:34:29 POST, /api/v1/users/, [::1]:58788, 400
2024/06/17 14:34:29 POST, /api/v1/login/, [::1]:58796, 200
2024/06/17 14:34:29 POST, /api/v1/login/, [::1]:58802, 200
2024/06/17 14:34:30 GET, /api/v1/items/, [::1]:58814, 200
2024/06/17 14:34:30 POST, /api/v1/items/, [::1]:58830, 201
2024/06/17 14:34:31 GET, /api/v1/items/, [::1]:58842, 200
2024/06/17 14:34:31 PUT, /api/v1/items/cd138d4a-6ab9-4f0d-af7e-9bb3bd5d387f, [::1]:58854, 200
2024/06/17 14:34:31 GET, /api/v1/items/, [::1]:58864, 200
2024/06/17 14:34:32 GET, /api/v1/items/cd138d4a-6ab9-4f0d-af7e-9bb3bd5d387f, [::1]:58874, 200
2024/06/17 14:34:32 DELETE, /api/v1/items/cd138d4a-6ab9-4f0d-af7e-9bb3bd5d387f, [::1]:58876, 200
2024/06/17 14:36:55 Serving on port: 8080
2024/06/17 14:37:01 POST, /api/v1/users/, [::1]:53974, 400
2024/06/17 14:37:01 POST, /api/v1/login/, [::1]:53984, 200
2024/06/17 14:37:01 POST, /api/v1/login/, [::1]:53986, 200
2024/06/17 14:37:02 GET, /api/v1/categories/, [::1]:53990, 200
2024/06/17 14:37:02 POST, /api/v1/categories/, [::1]:54004, 201
2024/06/17 14:37:02 GET, /api/v1/categories/, [::1]:54018, 200
2024/06/17 14:37:03 PUT, /api/v1/categories/d7f01931-631b-4144-a0d2-e1f3146a8ddf, [::1]:54028, 200
2024/06/17 14:37:03 GET, /api/v1/categories/, [::1]:54032, 200
2024/06/17 14:37:04 GET, /api/v1/categories/d7f01931-631b-4144-a0d2-e1f3146a8ddf, [::1]:54034, 200
2024/06/17 14:37:04 DELETE, /api/v1/categories/d7f01931-631b-4144-a0d2-e1f3146a8ddf, [::1]:54042, 200
2024/06/17 14:45:34 POST, /api/v1/users/, [::1]:36292, 400
2024/06/17 14:45:34 POST, /api/v1/login/, [::1]:36296, 200
2024/06/17 14:45:35 POST, /api/v1/login/, [::1]:36298, 200
2024/06/17 14:45:35 GET, /api/v1/categories/, [::1]:33946, 200
2024/06/17 14:45:36 POST, /api/v1/categories/, [::1]:33952, 201
2024/06/17 14:45:36 GET, /api/v1/categories/, [::1]:33958, 200
2024/06/17 14:45:36 PUT, /api/v1/categories/5a85ae19-f0c9-42c4-8206-31b537a381a9, [::1]:33974, 200
2024/06/17 14:45:37 GET, /api/v1/categories/, [::1]:33990, 200
2024/06/17 14:45:37 GET, /api/v1/categories/5a85ae19-f0c9-42c4-8206-31b537a381a9, [::1]:33996, 200
2024/06/17 14:45:38 DELETE, /api/v1/categories/5a85ae19-f0c9-42c4-8206-31b537a381a9, [::1]:34006, 200
2024/06/17 14:46:04 POST, /api/v1/users/, [::1]:34098, 400
2024/06/17 14:46:04 POST, /api/v1/login/, [::1]:34108, 200
2024/06/17 14:46:05 POST, /api/v1/login/, [::1]:46016, 200
2024/06/17 14:46:05 GET, /api/v1/categories/, [::1]:46026, 200
2024/06/17 14:46:06 POST, /api/v1/categories/, [::1]:46040, 201
2024/06/17 14:46:06 GET, /api/v1/categories/, [::1]:46056, 200
2024/06/17 14:46:06 PUT, /api/v1/categories/6cc8917f-2eca-492c-b94e-540ad90c6330, [::1]:46066, 200
2024/06/17 14:46:07 GET, /api/v1/categories/, [::1]:46072, 200
2024/06/17 14:46:07 GET, /api/v1/categories/6cc8917f-2eca-492c-b94e-540ad90c6330, [::1]:46078, 200
2024/06/17 14:46:08 DELETE, /api/v1/categories/6cc8917f-2eca-492c-b94e-540ad90c6330, [::1]:46094, 200
2024/06/17 14:53:12 Serving on port: 8080
2024/06/17 14:53:28 POST, /api/v1/users/, [::1]:54770, 400
2024/06/17 14:53:28 POST, /api/v1/login/, [::1]:54780, 200
2024/06/17 14:53:29 POST, /api/v1/login/, [::1]:54786, 200
2024/06/17 14:53:29 GET, /api/v1/subcategories/, [::1]:54790, 200
2024/06/17 14:53:29 POST, /api/v1/subcategories/, [::1]:54796, 201
2024/06/17 14:53:30 GET, /api/v1/subcategories/, [::1]:54800, 200
2024/06/17 14:53:30 PUT, /api/v1/subcategories/6c14edab-aef7-4397-8911-a27e220d0668, [::1]:54814, 200
2024/06/17 14:53:31 GET, /api/v1/subcategories/, [::1]:54828, 200
2024/06/17 14:53:31 GET, /api/v1/subcategories/6c14edab-aef7-4397-8911-a27e220d0668, [::1]:54834, 200
2024/06/17 14:53:31 DELETE, /api/v1/subcategories/6c14edab-aef7-4397-8911-a27e220d0668, [::1]:54846, 200
2024/06/17 15:07:56 Serving on port: 8080
2024/06/17 15:08:41 Serving on port: 8080
2024/06/17 15:09:17 POST, /api/v1/users/, [::1]:44502, 400
2024/06/17 15:09:17 POST, /api/v1/login/, [::1]:44512, 200
2024/06/17 15:09:18 POST, /api/v1/login/, [::1]:44526, 200
2024/06/17 15:09:18 GET, /api/v1/item-images/, [::1]:44536, 200
2024/06/17 15:09:19 POST, /api/v1/item-images/, [::1]:44542, 201
2024/06/17 15:09:19 GET, /api/v1/item-images/, [::1]:44554, 200
2024/06/17 15:09:20 GET, /api/v1/item-images/, [::1]:44572, 200
2024/06/17 15:09:20 GET, /api/v1/item-images/, [::1]:44582, 200
2024/06/17 15:12:26 Serving on port: 8080
2024/06/17 15:12:30 POST, /api/v1/users/, [::1]:36350, 201
2024/06/17 15:12:30 POST, /api/v1/login/, [::1]:36362, 200
2024/06/17 15:12:31 POST, /api/v1/login/, [::1]:36366, 200
2024/06/17 15:12:31 GET, /api/v1/item-images/, [::1]:36370, 200
2024/06/17 15:12:32 POST, /api/v1/item-images/, [::1]:36380, 201
2024/06/17 15:12:32 GET, /api/v1/item-images/, [::1]:36388, 200
2024/06/17 15:12:32 PUT, /api/v1/item-images/345ccf0c-5dcb-4c15-b130-ef8bce6762b6, [::1]:36400, 500
2024/06/17 15:12:33 GET, /api/v1/item-images/, [::1]:36410, 200
2024/06/17 15:12:33 GET, /api/v1/item-images/345ccf0c-5dcb-4c15-b130-ef8bce6762b6, [::1]:36416, 200
2024/06/17 15:12:34 DELETE, /api/v1/item-images/345ccf0c-5dcb-4c15-b130-ef8bce6762b6, [::1]:36420, 200
2024/06/17 15:13:40 POST, /api/v1/users/, [::1]:36662, 400
2024/06/17 15:13:40 POST, /api/v1/login/, [::1]:36670, 200
2024/06/17 15:13:41 POST, /api/v1/login/, [::1]:36680, 200
2024/06/17 15:13:41 GET, /api/v1/item-images/, [::1]:36682, 200
2024/06/17 15:13:42 POST, /api/v1/item-images/, [::1]:36688, 201
2024/06/17 15:13:42 GET, /api/v1/item-images/, [::1]:36698, 200
2024/06/17 15:13:42 PUT, /api/v1/item-images/87b45bbd-f99d-490e-875d-e0575b5d0d19, [::1]:36708, 500
2024/06/17 15:13:43 GET, /api/v1/item-images/, [::1]:36712, 200
2024/06/17 15:13:43 GET, /api/v1/item-images/87b45bbd-f99d-490e-875d-e0575b5d0d19, [::1]:36716, 200
2024/06/17 15:13:44 DELETE, /api/v1/item-images/87b45bbd-f99d-490e-875d-e0575b5d0d19, [::1]:36724, 200
2024/06/17 15:14:01 Serving on port: 8080
2024/06/17 15:14:06 POST, /api/v1/users/, [::1]:32892, 400
2024/06/17 15:14:07 POST, /api/v1/login/, [::1]:32906, 200
2024/06/17 15:14:07 POST, /api/v1/login/, [::1]:32914, 200
2024/06/17 15:14:08 GET, /api/v1/item-images/, [::1]:32916, 200
2024/06/17 15:14:08 POST, /api/v1/item-images/, [::1]:32924, 201
2024/06/17 15:14:08 GET, /api/v1/item-images/, [::1]:32932, 200
2024/06/17 15:14:09 PUT, /api/v1/item-images/5aec989d-0710-457d-a711-ea6e98831426, [::1]:32934, 200
2024/06/17 15:14:09 GET, /api/v1/item-images/, [::1]:32950, 200
2024/06/17 15:14:10 GET, /api/v1/item-images/5aec989d-0710-457d-a711-ea6e98831426, [::1]:32962, 200
2024/06/17 15:14:10 DELETE, /api/v1/item-images/5aec989d-0710-457d-a711-ea6e98831426, [::1]:32970, 200
